<?xml version="1.0" encoding="UTF-8"?>
<testsuite xmlns:xsi="http://www.w3.org/2001/XMLSchema-instance" xsi:noNamespaceSchemaLocation="https://maven.apache.org/surefire/maven-surefire-plugin/xsd/surefire-test-report-3.0.xsd" version="3.0" name="com.salud.nutricion.NutricionApplicationTests" time="14.492" tests="1" errors="0" skipped="0" failures="0">
  <properties>
[...]
</properties>
  <testcase name="contextLoads" classname="com.salud.nutricion.NutricionApplicationTests" time="2.027">
    <system-out><![CDATA[16:43:25.766 [main] INFO org.springframework.test.context.support.AnnotationConfigContextLoaderUtils -- Could not detect default configuration classes for test class [com.salud.nutricion.NutricionApplicationTests]: NutricionApplicationTests does not declare any static, non-private, non-final, nested classes annotated with @Configuration.
16:43:26.017 [main] INFO org.springframework.boot.test.context.SpringBootTestContextBootstrapper -- Found @SpringBootConfiguration com.salud.nutricion.NutricionApplication for test class com.salud.nutricion.NutricionApplicationTests
16:43:26.461 [main] INFO org.springframework.boot.devtools.restart.RestartApplicationListener -- Restart disabled due to context in which it is running

  .   ____          _            __ _ _
 /\\ / ___'_ __ _ _(_)_ __  __ _ \ \ \ \
( ( )\___ | '_ | '_| | '_ \/ _` | \ \ \ \
 \\/  ___)| |_)| | | | | || (_| |  ) ) ) )
  '  |____| .__|_| |_|_| |_\__, | / / / /
 =========|_|==============|___/=/_/_/_/
 :: Spring Boot ::       (v3.2.0-SNAPSHOT)

2024-04-12T16:43:27.295-05:00  INFO 10180 --- [           main] c.s.nutricion.NutricionApplicationTests  : Starting NutricionApplicationTests using Java 21.0.2 with PID 10180 (started by alozano in E:\proyectosVarios\proyecto_nutricion\nutricion)
2024-04-12T16:43:27.314-05:00  INFO 10180 --- [           main] c.s.nutricion.NutricionApplicationTests  : No active profile set, falling back to 1 default profile: "default"
2024-04-12T16:43:29.379-05:00  INFO 10180 --- [           main] .s.d.r.c.RepositoryConfigurationDelegate : Bootstrapping Spring Data MongoDB repositories in DEFAULT mode.
2024-04-12T16:43:29.551-05:00  INFO 10180 --- [           main] .s.d.r.c.RepositoryConfigurationDelegate : Finished Spring Data repository scanning in 146 ms. Found 6 MongoDB repository interfaces.
2024-04-12T16:43:31.003-05:00  WARN 10180 --- [           main] trationDelegate$BeanPostProcessorChecker : Bean 'org.springframework.ws.config.annotation.DelegatingWsConfiguration' of type [org.springframework.ws.config.annotation.DelegatingWsConfiguration$$SpringCGLIB$$0] is not eligible for getting processed by all BeanPostProcessors (for example: not eligible for auto-proxying). The currently created BeanPostProcessor [annotationActionEndpointMapping] is declared through a non-static factory method on that class; consider declaring it as static instead.
2024-04-12T16:43:31.107-05:00  INFO 10180 --- [           main] .w.s.a.s.AnnotationActionEndpointMapping : Supporting [WS-Addressing August 2004, WS-Addressing 1.0]
2024-04-12T16:43:32.068-05:00  INFO 10180 --- [           main] org.mongodb.driver.client                : MongoClient with metadata {"driver": {"name": "mongo-java-driver|sync|spring-boot", "version": "4.11.1"}, "os": {"type": "Windows", "name": "Windows 10", "architecture": "amd64", "version": "10.0"}, "platform": "Java/Eclipse Adoptium/21.0.2+13-LTS"} created with settings MongoClientSettings{readPreference=primary, writeConcern=WriteConcern{w=majority, wTimeout=null ms, journal=null}, retryWrites=true, retryReads=true, readConcern=ReadConcern{level=null}, credential=MongoCredential{mechanism=null, userName='alozano', source='admin', password=<hidden>, mechanismProperties=<hidden>}, transportSettings=null, streamFactoryFactory=null, commandListeners=[], codecRegistry=ProvidersCodecRegistry{codecProviders=[ValueCodecProvider{}, BsonValueCodecProvider{}, DBRefCodecProvider{}, DBObjectCodecProvider{}, DocumentCodecProvider{}, CollectionCodecProvider{}, IterableCodecProvider{}, MapCodecProvider{}, GeoJsonCodecProvider{}, GridFSFileCodecProvider{}, Jsr310CodecProvider{}, JsonObjectCodecProvider{}, BsonCodecProvider{}, EnumCodecProvider{}, com.mongodb.client.model.mql.ExpressionCodecProvider@1f66d8e1, com.mongodb.Jep395RecordCodecProvider@721d5b74, com.mongodb.KotlinCodecProvider@3421debd]}, loggerSettings=LoggerSettings{maxDocumentLength=1000}, clusterSettings={hosts=[127.0.0.1:27017], srvHost=cluster0.g4eqw4a.mongodb.net, srvServiceName=mongodb, mode=MULTIPLE, requiredClusterType=REPLICA_SET, requiredReplicaSetName='atlas-6wg9mf-shard-0', serverSelector='null', clusterListeners='[]', serverSelectionTimeout='30000 ms', localThreshold='15 ms'}, socketSettings=SocketSettings{connectTimeoutMS=10000, readTimeoutMS=0, receiveBufferSize=0, proxySettings=ProxySettings{host=null, port=null, username=null, password=null}}, heartbeatSocketSettings=SocketSettings{connectTimeoutMS=10000, readTimeoutMS=10000, receiveBufferSize=0, proxySettings=ProxySettings{host=null, port=null, username=null, password=null}}, connectionPoolSettings=ConnectionPoolSettings{maxSize=100, minSize=0, maxWaitTimeMS=120000, maxConnectionLifeTimeMS=0, maxConnectionIdleTimeMS=0, maintenanceInitialDelayMS=0, maintenanceFrequencyMS=60000, connectionPoolListeners=[], maxConnecting=2}, serverSettings=ServerSettings{heartbeatFrequencyMS=10000, minHeartbeatFrequencyMS=500, serverListeners='[]', serverMonitorListeners='[]'}, sslSettings=SslSettings{enabled=true, invalidHostNameAllowed=false, context=null}, applicationName='null', compressorList=[], uuidRepresentation=JAVA_LEGACY, serverApi=null, autoEncryptionSettings=null, dnsClient=null, inetAddressResolver=null, contextProvider=null}
2024-04-12T16:43:32.266-05:00  INFO 10180 --- [w4a.mongodb.net] org.mongodb.driver.cluster               : Adding discovered server ac-8a0wkxu-shard-00-01.g4eqw4a.mongodb.net:27017 to client view of cluster
2024-04-12T16:43:32.377-05:00  INFO 10180 --- [w4a.mongodb.net] org.mongodb.driver.cluster               : Adding discovered server ac-8a0wkxu-shard-00-02.g4eqw4a.mongodb.net:27017 to client view of cluster
2024-04-12T16:43:32.408-05:00  INFO 10180 --- [w4a.mongodb.net] org.mongodb.driver.cluster               : Adding discovered server ac-8a0wkxu-shard-00-00.g4eqw4a.mongodb.net:27017 to client view of cluster
2024-04-12T16:43:34.659-05:00  INFO 10180 --- [ngodb.net:27017] org.mongodb.driver.cluster               : Monitor thread successfully connected to server with description ServerDescription{address=ac-8a0wkxu-shard-00-01.g4eqw4a.mongodb.net:27017, type=REPLICA_SET_PRIMARY, state=CONNECTED, ok=true, minWireVersion=0, maxWireVersion=21, maxDocumentSize=16777216, logicalSessionTimeoutMinutes=30, roundTripTimeNanos=1261381800, setName='atlas-6wg9mf-shard-0', canonicalAddress=ac-8a0wkxu-shard-00-01.g4eqw4a.mongodb.net:27017, hosts=[ac-8a0wkxu-shard-00-02.g4eqw4a.mongodb.net:27017, ac-8a0wkxu-shard-00-01.g4eqw4a.mongodb.net:27017, ac-8a0wkxu-shard-00-00.g4eqw4a.mongodb.net:27017], passives=[], arbiters=[], primary='ac-8a0wkxu-shard-00-01.g4eqw4a.mongodb.net:27017', tagSet=TagSet{[Tag{name='availabilityZone', value='use1-az1'}, Tag{name='diskState', value='READY'}, Tag{name='nodeType', value='ELECTABLE'}, Tag{name='provider', value='AWS'}, Tag{name='region', value='US_EAST_1'}, Tag{name='workloadType', value='OPERATIONAL'}]}, electionId=7fffffff00000000000000ba, setVersion=8, topologyVersion=TopologyVersion{processId=66104b5a0251588db4383ade, counter=6}, lastWriteDate=Fri Apr 12 16:43:34 COT 2024, lastUpdateTimeNanos=164530444725900}
2024-04-12T16:43:34.659-05:00  INFO 10180 --- [ngodb.net:27017] org.mongodb.driver.cluster               : Monitor thread successfully connected to server with description ServerDescription{address=ac-8a0wkxu-shard-00-00.g4eqw4a.mongodb.net:27017, type=REPLICA_SET_SECONDARY, state=CONNECTED, ok=true, minWireVersion=0, maxWireVersion=21, maxDocumentSize=16777216, logicalSessionTimeoutMinutes=30, roundTripTimeNanos=1262666200, setName='atlas-6wg9mf-shard-0', canonicalAddress=ac-8a0wkxu-shard-00-00.g4eqw4a.mongodb.net:27017, hosts=[ac-8a0wkxu-shard-00-02.g4eqw4a.mongodb.net:27017, ac-8a0wkxu-shard-00-01.g4eqw4a.mongodb.net:27017, ac-8a0wkxu-shard-00-00.g4eqw4a.mongodb.net:27017], passives=[], arbiters=[], primary='ac-8a0wkxu-shard-00-01.g4eqw4a.mongodb.net:27017', tagSet=TagSet{[Tag{name='availabilityZone', value='use1-az2'}, Tag{name='diskState', value='READY'}, Tag{name='nodeType', value='ELECTABLE'}, Tag{name='provider', value='AWS'}, Tag{name='region', value='US_EAST_1'}, Tag{name='workloadType', value='OPERATIONAL'}]}, electionId=null, setVersion=8, topologyVersion=TopologyVersion{processId=66104b06fec913064f2b9818, counter=4}, lastWriteDate=Fri Apr 12 16:43:34 COT 2024, lastUpdateTimeNanos=164530445869900}
2024-04-12T16:43:34.659-05:00  INFO 10180 --- [ngodb.net:27017] org.mongodb.driver.cluster               : Monitor thread successfully connected to server with description ServerDescription{address=ac-8a0wkxu-shard-00-02.g4eqw4a.mongodb.net:27017, type=REPLICA_SET_SECONDARY, state=CONNECTED, ok=true, minWireVersion=0, maxWireVersion=21, maxDocumentSize=16777216, logicalSessionTimeoutMinutes=30, roundTripTimeNanos=1264341600, setName='atlas-6wg9mf-shard-0', canonicalAddress=ac-8a0wkxu-shard-00-02.g4eqw4a.mongodb.net:27017, hosts=[ac-8a0wkxu-shard-00-02.g4eqw4a.mongodb.net:27017, ac-8a0wkxu-shard-00-01.g4eqw4a.mongodb.net:27017, ac-8a0wkxu-shard-00-00.g4eqw4a.mongodb.net:27017], passives=[], arbiters=[], primary='ac-8a0wkxu-shard-00-01.g4eqw4a.mongodb.net:27017', tagSet=TagSet{[Tag{name='availabilityZone', value='use1-az5'}, Tag{name='diskState', value='READY'}, Tag{name='nodeType', value='ELECTABLE'}, Tag{name='provider', value='AWS'}, Tag{name='region', value='US_EAST_1'}, Tag{name='workloadType', value='OPERATIONAL'}]}, electionId=null, setVersion=8, topologyVersion=TopologyVersion{processId=66104bad837704dedb3f9e05, counter=3}, lastWriteDate=Fri Apr 12 16:43:34 COT 2024, lastUpdateTimeNanos=164530446033900}
2024-04-12T16:43:34.674-05:00  INFO 10180 --- [ngodb.net:27017] org.mongodb.driver.cluster               : Discovered replica set primary ac-8a0wkxu-shard-00-01.g4eqw4a.mongodb.net:27017 with max election id 7fffffff00000000000000ba and max set version 8
2024-04-12T16:43:35.517-05:00  WARN 10180 --- [           main] .s.s.UserDetailsServiceAutoConfiguration : 

Using generated security password: aa101e36-6334-4482-9ec7-54b2bf776cc3

This generated password is for development use only. Your security configuration must be updated before running your application in production.

2024-04-12T16:43:36.466-05:00  INFO 10180 --- [           main] o.s.s.web.DefaultSecurityFilterChain     : Will secure any request with [org.springframework.security.web.session.DisableEncodeUrlFilter@2ab8589a, org.springframework.security.web.context.request.async.WebAsyncManagerIntegrationFilter@21b744ec, org.springframework.security.web.context.SecurityContextHolderFilter@6dece1f9, org.springframework.security.web.header.HeaderWriterFilter@144a5e6e, org.springframework.web.filter.CorsFilter@697a92af, org.springframework.security.web.authentication.logout.LogoutFilter@473847fb, com.salud.nutricion.security.jwt.JWTAuthorizationFilter@7ea3839e, org.springframework.security.web.savedrequest.RequestCacheAwareFilter@32b112a1, org.springframework.security.web.servletapi.SecurityContextHolderAwareRequestFilter@5635bcd2, org.springframework.security.web.authentication.AnonymousAuthenticationFilter@16b76858, org.springframework.security.web.access.ExceptionTranslationFilter@78545d40, org.springframework.security.web.access.intercept.AuthorizationFilter@606d6d2c]
2024-04-12T16:43:37.395-05:00  INFO 10180 --- [           main] c.s.nutricion.NutricionApplicationTests  : Started NutricionApplicationTests in 10.981 seconds (process running for 14.197)
]]></system-out>
    <system-err><![CDATA[WARNING: A Java agent has been loaded dynamically (C:\Users\alozano\.m2\repository\net\bytebuddy\byte-buddy-agent\1.14.10\byte-buddy-agent-1.14.10.jar)
WARNING: If a serviceability tool is in use, please run with -XX:+EnableDynamicAgentLoading to hide this warning
WARNING: If a serviceability tool is not in use, please run with -Djdk.instrument.traceUsage for more information
WARNING: Dynamic loading of agents will be disallowed by default in a future release
]]></system-err>
  </testcase>
</testsuite>